# JRE version: OpenJDK Runtime Environment (11.0.10) (build 11.0.10+0-b96-7249189)
# Java VM: OpenJDK 64-Bit Server VM (11.0.10+0-b96-7249189, mixed mode, tiered, compressed oops, g1 gc, windows-amd64)
Heap:
 garbage-first heap   total 225280K, used 134008K [0x0000000080000000, 0x0000000100000000)
  region size 1024K, 40 young (40960K), 7 survivors (7168K)
 Metaspace       used 100726K, capacity 103909K, committed 104064K, reserved 1138688K
  class space    used 13040K, capacity 14161K, committed 14208K, reserved 1048576K
GC Heap History (20 events):
Event: 5.688 GC heap before
{Heap before GC invocations=14 (full 0):
 garbage-first heap   total 155648K, used 122370K [0x0000000080000000, 0x0000000100000000)
  region size 1024K, 71 young (72704K), 6 survivors (6144K)
 Metaspace       used 53638K, capacity 55236K, committed 55424K, reserved 1097728K
  class space    used 6932K, capacity 7472K, committed 7552K, reserved 1048576K
}
Event: 5.695 GC heap after
{Heap after GC invocations=15 (full 0):
 garbage-first heap   total 187392K, used 59521K [0x0000000080000000, 0x0000000100000000)
  region size 1024K, 7 young (7168K), 7 survivors (7168K)
 Metaspace       used 53638K, capacity 55236K, committed 55424K, reserved 1097728K
  class space    used 6932K, capacity 7472K, committed 7552K, reserved 1048576K
}
Event: 6.744 GC heap before
{Heap before GC invocations=15 (full 0):
 garbage-first heap   total 187392K, used 143489K [0x0000000080000000, 0x0000000100000000)
  region size 1024K, 86 young (88064K), 7 survivors (7168K)
 Metaspace       used 60342K, capacity 62212K, committed 62464K, reserved 1103872K
  class space    used 7758K, capacity 8399K, committed 8448K, reserved 1048576K
}
Event: 6.751 GC heap after
{Heap after GC invocations=16 (full 0):
 garbage-first heap   total 187392K, used 71569K [0x0000000080000000, 0x0000000100000000)
  region size 1024K, 11 young (11264K), 11 survivors (11264K)
 Metaspace       used 60342K, capacity 62212K, committed 62464K, reserved 1103872K
  class space    used 7758K, capacity 8399K, committed 8448K, reserved 1048576K
}
Event: 7.334 GC heap before
{Heap before GC invocations=16 (full 0):
 garbage-first heap   total 187392K, used 124817K [0x0000000080000000, 0x0000000100000000)
  region size 1024K, 65 young (66560K), 11 survivors (11264K)
 Metaspace       used 67507K, capacity 69432K, committed 69504K, reserved 1110016K
  class space    used 8632K, capacity 9306K, committed 9344K, reserved 1048576K
}
Event: 7.348 GC heap after
{Heap after GC invocations=17 (full 0):
 garbage-first heap   total 187392K, used 76163K [0x0000000080000000, 0x0000000100000000)
  region size 1024K, 5 young (5120K), 5 survivors (5120K)
 Metaspace       used 67507K, capacity 69432K, committed 69504K, reserved 1110016K
  class space    used 8632K, capacity 9306K, committed 9344K, reserved 1048576K
}
Event: 7.935 GC heap before
{Heap before GC invocations=18 (full 0):
 garbage-first heap   total 187392K, used 141699K [0x0000000080000000, 0x0000000100000000)
  region size 1024K, 68 young (69632K), 5 survivors (5120K)
 Metaspace       used 71759K, capacity 73694K, committed 73984K, reserved 1114112K
  class space    used 9193K, capacity 9865K, committed 9984K, reserved 1048576K
}
Event: 7.947 GC heap after
{Heap after GC invocations=19 (full 0):
 garbage-first heap   total 187392K, used 80850K [0x0000000080000000, 0x0000000100000000)
  region size 1024K, 9 young (9216K), 9 survivors (9216K)
 Metaspace       used 71759K, capacity 73694K, committed 73984K, reserved 1114112K
  class space    used 9193K, capacity 9865K, committed 9984K, reserved 1048576K
}
Event: 8.683 GC heap before
{Heap before GC invocations=20 (full 0):
 garbage-first heap   total 187392K, used 144338K [0x0000000080000000, 0x0000000100000000)
  region size 1024K, 71 young (72704K), 9 survivors (9216K)
 Metaspace       used 78163K, capacity 80192K, committed 80256K, reserved 1118208K
  class space    used 10194K, capacity 10872K, committed 10880K, reserved 1048576K
}
Event: 8.691 GC heap after
{Heap after GC invocations=21 (full 0):
 garbage-first heap   total 187392K, used 84260K [0x0000000080000000, 0x0000000100000000)
  region size 1024K, 4 young (4096K), 4 survivors (4096K)
 Metaspace       used 78163K, capacity 80192K, committed 80256K, reserved 1118208K
  class space    used 10194K, capacity 10872K, committed 10880K, reserved 1048576K
}
Event: 9.217 GC heap before
{Heap before GC invocations=21 (full 0):
 garbage-first heap   total 187392K, used 146724K [0x0000000080000000, 0x0000000100000000)
  region size 1024K, 65 young (66560K), 4 survivors (4096K)
 Metaspace       used 81513K, capacity 83779K, committed 83968K, reserved 1122304K
  class space    used 10618K, capacity 11397K, committed 11520K, reserved 1048576K
}
Event: 9.223 GC heap after
{Heap after GC invocations=22 (full 0):
 garbage-first heap   total 187392K, used 87666K [0x0000000080000000, 0x0000000100000000)
  region size 1024K, 8 young (8192K), 8 survivors (8192K)
 Metaspace       used 81513K, capacity 83779K, committed 83968K, reserved 1122304K
  class space    used 10618K, capacity 11397K, committed 11520K, reserved 1048576K
}
Event: 9.878 GC heap before
{Heap before GC invocations=22 (full 0):
 garbage-first heap   total 187392K, used 149106K [0x0000000080000000, 0x0000000100000000)
  region size 1024K, 68 young (69632K), 8 survivors (8192K)
 Metaspace       used 89400K, capacity 91737K, committed 91776K, reserved 1128448K
  class space    used 11595K, capacity 12415K, committed 12416K, reserved 1048576K
}
Event: 9.886 GC heap after
{Heap after GC invocations=23 (full 0):
 garbage-first heap   total 187392K, used 91948K [0x0000000080000000, 0x0000000100000000)
  region size 1024K, 9 young (9216K), 9 survivors (9216K)
 Metaspace       used 89400K, capacity 91737K, committed 91776K, reserved 1128448K
  class space    used 11595K, capacity 12415K, committed 12416K, reserved 1048576K
}
Event: 10.431 GC heap before
{Heap before GC invocations=23 (full 0):
 garbage-first heap   total 187392K, used 143148K [0x0000000080000000, 0x0000000100000000)
  region size 1024K, 61 young (62464K), 9 survivors (9216K)
 Metaspace       used 93653K, capacity 96402K, committed 96512K, reserved 1132544K
  class space    used 12205K, capacity 13217K, committed 13312K, reserved 1048576K
}
Event: 10.440 GC heap after
{Heap after GC invocations=24 (full 0):
 garbage-first heap   total 187392K, used 95589K [0x0000000080000000, 0x0000000100000000)
  region size 1024K, 8 young (8192K), 8 survivors (8192K)
 Metaspace       used 93653K, capacity 96402K, committed 96512K, reserved 1132544K
  class space    used 12205K, capacity 13217K, committed 13312K, reserved 1048576K
}
Event: 10.967 GC heap before
{Heap before GC invocations=25 (full 0):
 garbage-first heap   total 187392K, used 153957K [0x0000000080000000, 0x0000000100000000)
  region size 1024K, 65 young (66560K), 8 survivors (8192K)
 Metaspace       used 94811K, capacity 97521K, committed 97792K, reserved 1134592K
  class space    used 12313K, capacity 13293K, committed 13312K, reserved 1048576K
}
Event: 10.976 GC heap after
{Heap after GC invocations=26 (full 0):
 garbage-first heap   total 225280K, used 99211K [0x0000000080000000, 0x0000000100000000)
  region size 1024K, 8 young (8192K), 8 survivors (8192K)
 Metaspace       used 94811K, capacity 97521K, committed 97792K, reserved 1134592K
  class space    used 12313K, capacity 13293K, committed 13312K, reserved 1048576K
}
Event: 692.136 GC heap before
{Heap before GC invocations=26 (full 0):
 garbage-first heap   total 225280K, used 174987K [0x0000000080000000, 0x0000000100000000)
  region size 1024K, 83 young (84992K), 8 survivors (8192K)
 Metaspace       used 100351K, capacity 103432K, committed 103552K, reserved 1138688K
  class space    used 13013K, capacity 14124K, committed 14208K, reserved 1048576K
}
Event: 692.144 GC heap after
{Heap after GC invocations=27 (full 0):
 garbage-first heap   total 225280K, used 102264K [0x0000000080000000, 0x0000000100000000)
  region size 1024K, 7 young (7168K), 7 survivors (7168K)
 Metaspace       used 100351K, capacity 103432K, committed 103552K, reserved 1138688K
  class space    used 13013K, capacity 14124K, committed 14208K, reserved 1048576K
}

